Unity Editor version:    2020.3.17f1 (a4537701e4ab)
Branch:                  2020.3/staging
Build type:              Release
Batch mode:              YES
macOS version:           Version 10.15.7 (Build 19H1323)
Darwin version:          19.6.0
Architecture:            x86_64
Running under Rosetta:   NO
Available memory:        16384 MB
Using pre-set license
Pro License: NO

COMMAND LINE ARGUMENTS:
/Applications/Unity/Hub/Editor/2020.3.17f1/Unity.app/Contents/MacOS/Unity
-adb2
-batchMode
-noUpm
-name
AssetImportWorker0
-projectPath
/Users/gabe/Unity/Rocha Games/Survival Crossing
-logFile
Logs/AssetImportWorker0.log
-srvPort
50972
Successfully changed project path to: /Users/gabe/Unity/Rocha Games/Survival Crossing
/Users/gabe/Unity/Rocha Games/Survival Crossing
Using Asset Import Pipeline V2.
Refreshing native plugins compatible for Editor in 83.09 ms, found 2 plugins.
Preloading 0 native plugins for Editor in 0.00 ms.
Initialize engine version: 2020.3.17f1 (a4537701e4ab)
[Subsystems] Discovering subsystems at path /Applications/Unity/Hub/Editor/2020.3.17f1/Unity.app/Contents/Resources/UnitySubsystems
[Subsystems] Discovering subsystems at path /Users/gabe/Unity/Rocha Games/Survival Crossing/Assets
GfxDevice: creating device client; threaded=0
2021-09-15 21:53:13.460 Unity[29233:2265055] Color LCD preferred device: NVIDIA GeForce GT 650M (high power)
2021-09-15 21:53:13.460 Unity[29233:2265055] Metal devices available: 2
2021-09-15 21:53:13.460 Unity[29233:2265055] 0: NVIDIA GeForce GT 650M (high power)
2021-09-15 21:53:13.460 Unity[29233:2265055] 1: Intel HD Graphics 4000 (low power)
2021-09-15 21:53:13.461 Unity[29233:2265055] Using device NVIDIA GeForce GT 650M (high power)
Initializing Metal device caps: NVIDIA GeForce GT 650M
Initialize mono
Mono path[0] = '/Applications/Unity/Hub/Editor/2020.3.17f1/Unity.app/Contents/Managed'
Mono path[1] = '/Applications/Unity/Hub/Editor/2020.3.17f1/Unity.app/Contents/MonoBleedingEdge/lib/mono/unityjit'
Mono config path = '/Applications/Unity/Hub/Editor/2020.3.17f1/Unity.app/Contents/MonoBleedingEdge/etc'
Using monoOptions --debugger-agent=transport=dt_socket,embedding=1,server=y,suspend=n,address=127.0.0.1:56233
Begin MonoManager ReloadAssembly
Registering precompiled unity dll's ...
Register platform support module: /Applications/Unity/Hub/Editor/2020.3.17f1/PlaybackEngines/WebGLSupport/UnityEditor.WebGL.Extensions.dll
Register platform support module: /Applications/Unity/Hub/Editor/2020.3.17f1/Unity.app/Contents/PlaybackEngines/MacStandaloneSupport/UnityEditor.OSXStandalone.Extensions.dll
Register platform support module: /Applications/Unity/Hub/Editor/2020.3.17f1/PlaybackEngines/WindowsStandaloneSupport/UnityEditor.WindowsStandalone.Extensions.dll
Registered in 0.003121 seconds.
Native extension for WindowsStandalone target not found
Native extension for OSXStandalone target not found
Native extension for WebGL target not found
Refreshing native plugins compatible for Editor in 77.89 ms, found 2 plugins.
Preloading 0 native plugins for Editor in 0.00 ms.
Mono: successfully reloaded assembly
- Completed reload, in  2.715 seconds
Domain Reload Profiling:
	ReloadAssembly (2716ms)
		BeginReloadAssembly (63ms)
			ExecutionOrderSort (0ms)
			DisableScriptedObjects (0ms)
			BackupInstance (0ms)
			ReleaseScriptingObjects (0ms)
			CreateAndSetChildDomain (1ms)
		EndReloadAssembly (746ms)
			LoadAssemblies (67ms)
			RebuildTransferFunctionScriptingTraits (0ms)
			SetupTypeCache (270ms)
			ReleaseScriptCaches (0ms)
			RebuildScriptCaches (65ms)
			SetupLoadedEditorAssemblies (315ms)
				LogAssemblyErrors (0ms)
				InitializePlatformSupportModulesInManaged (8ms)
				SetLoadedEditorAssemblies (0ms)
				RefreshPlugins (78ms)
				BeforeProcessingInitializeOnLoad (15ms)
				ProcessInitializeOnLoadAttributes (165ms)
				ProcessInitializeOnLoadMethodAttributes (48ms)
				AfterProcessingInitializeOnLoad (0ms)
				EditorAssembliesLoaded (0ms)
			ExecutionOrderSort2 (0ms)
			AwakeInstancesAfterBackupRestoration (0ms)
Platform modules already initialized, skipping
Registering precompiled user dll's ...
Registered in 0.006790 seconds.
Begin MonoManager ReloadAssembly
Native extension for WindowsStandalone target not found
Native extension for OSXStandalone target not found
Native extension for WebGL target not found
Refreshing native plugins compatible for Editor in 87.59 ms, found 2 plugins.
Preloading 0 native plugins for Editor in 0.00 ms.
Mono: successfully reloaded assembly
- Completed reload, in  2.565 seconds
Domain Reload Profiling:
	ReloadAssembly (2567ms)
		BeginReloadAssembly (243ms)
			ExecutionOrderSort (0ms)
			DisableScriptedObjects (8ms)
			BackupInstance (0ms)
			ReleaseScriptingObjects (0ms)
			CreateAndSetChildDomain (50ms)
		EndReloadAssembly (2224ms)
			LoadAssemblies (180ms)
			RebuildTransferFunctionScriptingTraits (0ms)
			SetupTypeCache (569ms)
			ReleaseScriptCaches (1ms)
			RebuildScriptCaches (135ms)
			SetupLoadedEditorAssemblies (1041ms)
				LogAssemblyErrors (0ms)
				InitializePlatformSupportModulesInManaged (12ms)
				SetLoadedEditorAssemblies (0ms)
				RefreshPlugins (88ms)
				BeforeProcessingInitializeOnLoad (144ms)
				ProcessInitializeOnLoadAttributes (789ms)
				ProcessInitializeOnLoadMethodAttributes (6ms)
				AfterProcessingInitializeOnLoad (2ms)
				EditorAssembliesLoaded (1ms)
			ExecutionOrderSort2 (0ms)
			AwakeInstancesAfterBackupRestoration (12ms)
Platform modules already initialized, skipping
Validating Project structure ... 0.006383 seconds.
Shader import version has changed; will reimport all shaders...
Upgrading shader files ...0.007473 seconds.
Application.AssetDatabase Initial Script Refresh Start
RefreshInfo: InitialScriptRefreshV2(NoUpdateAssetOptions) scanfilter:  ... 1 filters
RefreshProfiler: Total: 0.000ms
Application.AssetDatabase Initial Script Refresh End
Application.AssetDatabase.Refresh Start
Application.AssetDatabase.Refresh End
RefreshInfo: StopAssetImportingV2(ForceSynchronousImport) scanfilter: 
RefreshProfiler: Total: 0.000ms
Launching external process: /Applications/Unity/Hub/Editor/2020.3.17f1/Unity.app/Contents/Tools/UnityShaderCompiler
Launched and connected shader compiler UnityShaderCompiler after 0.02 seconds
Initializing Unity extensions:
========================================================================
Worker process is ready to serve import requests
Refreshing native plugins compatible for Editor in 0.66 ms, found 2 plugins.
Preloading 0 native plugins for Editor in 0.00 ms.
Unloading 2989 Unused Serialized files (Serialized files now loaded: 0)
System memory in use before: 252.0 MB.
System memory in use after: 250.0 MB.

Unloading 185 unused Assets to reduce memory usage. Loaded Objects now: 3448.
Total: 5.445524 ms (FindLiveObjects: 0.379706 ms CreateObjectMapping: 0.136407 ms MarkObjects: 3.976899 ms  DeleteObjects: 0.950730 ms)

AssetImportParameters requested are different than current active one (requested -> active):
  custom:video-decoder-ogg-theora: a1e56fd34408186e4bbccfd4996cb3dc -> 
  custom:container-muxer-webm: aa71ff27fc2769a1b78a27578f13a17b -> 
  custom:container-demuxer-webm: 4f35f7cbe854078d1ac9338744f61a02 -> 
  custom:container-demuxer-ogg: 62fdf1f143b41e24485cea50d1cbac27 -> 
  custom:video-encoder-webm-vp8: eb34c28f22e8b96e1ab97ce403110664 -> 
  custom:framework-osx-AVFoundation: b23960f63f64bdc6ff669e2cdcee2391 -> 
  custom:video-decoder-webm-vp8: 9c59270c3fd7afecdb556c50c9e8de78 -> 
  custom:audio-decoder-ogg-vorbis: bf7c407c2cedff20999df2af8eb42d56 -> 
  custom:audio-encoder-webm-vorbis: bf7c407c2cedff20999df2af8eb42d56 -> 
========================================================================
Received Import Request.
  path: Assets/_Survival Crossing/Scenes/Main.unity
  artifactKey: Guid(55e2149e48bde7e4786c5b14ee2e43e1) Importer(815301076,1909f56bfc062723c751e8b465ee728b)
Start importing Assets/_Survival Crossing/Scenes/Main.unity using Guid(55e2149e48bde7e4786c5b14ee2e43e1) Importer(815301076,1909f56bfc062723c751e8b465ee728b)  -> (artifact id: '0118b770810d684fd5537e5e0ed4c6fb') in 0.021168 seconds 
  Import took 0.027444 seconds .

========================================================================
Received Import Request.
  Time since last request: 0.000351 seconds.
  path: Assets/_Survival Crossing/Scenes
  artifactKey: Guid(f39d8be01ec845b46a985408a62a3c24) Importer(815301076,1909f56bfc062723c751e8b465ee728b)
Start importing Assets/_Survival Crossing/Scenes using Guid(f39d8be01ec845b46a985408a62a3c24) Importer(815301076,1909f56bfc062723c751e8b465ee728b)  -> (artifact id: 'fa9b9855e0ba6d0d87f590962591ebf7') in 0.001055 seconds 
  Import took 0.006641 seconds .

========================================================================
Received Import Request.
  Time since last request: 0.000288 seconds.
  path: Assets/_Survival Crossing/Materials
  artifactKey: Guid(6c8dbdefa6f6ce94484667e2cd40a65e) Importer(815301076,1909f56bfc062723c751e8b465ee728b)
Start importing Assets/_Survival Crossing/Materials using Guid(6c8dbdefa6f6ce94484667e2cd40a65e) Importer(815301076,1909f56bfc062723c751e8b465ee728b)  -> (artifact id: '25d42c55d2d3a3d69404b981f7a81df1') in 0.001243 seconds 
  Import took 0.007057 seconds .

========================================================================
Received Import Request.
  Time since last request: 0.000324 seconds.
  path: Assets/_Survival Crossing/Prefabs
  artifactKey: Guid(2fa2abebcda985141969daf9c3ef8298) Importer(815301076,1909f56bfc062723c751e8b465ee728b)
Start importing Assets/_Survival Crossing/Prefabs using Guid(2fa2abebcda985141969daf9c3ef8298) Importer(815301076,1909f56bfc062723c751e8b465ee728b)  -> (artifact id: 'ecbe69eda527173467ed348b6a3c7e9e') in 0.001145 seconds 
  Import took 0.006551 seconds .

========================================================================
Received Import Request.
  Time since last request: 0.000284 seconds.
  path: Assets/_Survival Crossing/Models
  artifactKey: Guid(ca21cf6b43c24a94a89c4a9b3927f83c) Importer(815301076,1909f56bfc062723c751e8b465ee728b)
Start importing Assets/_Survival Crossing/Models using Guid(ca21cf6b43c24a94a89c4a9b3927f83c) Importer(815301076,1909f56bfc062723c751e8b465ee728b)  -> (artifact id: '903c817abc359c604d740f2a702be239') in 0.001712 seconds 
  Import took 0.009569 seconds .

========================================================================
Received Import Request.
  Time since last request: 0.000262 seconds.
  path: Assets/_Survival Crossing
  artifactKey: Guid(8e61f9b5dbcf01b43b4fae97ae8c01cd) Importer(815301076,1909f56bfc062723c751e8b465ee728b)
Start importing Assets/_Survival Crossing using Guid(8e61f9b5dbcf01b43b4fae97ae8c01cd) Importer(815301076,1909f56bfc062723c751e8b465ee728b)  -> (artifact id: '786298eaa7747c041c79346f15767bec') in 0.001263 seconds 
  Import took 0.007319 seconds .

========================================================================
Received Import Request.
  Time since last request: 0.000234 seconds.
  path: Assets/_Survival Crossing/Animations
  artifactKey: Guid(09f5a06b83745ba4b99800cb329386d9) Importer(815301076,1909f56bfc062723c751e8b465ee728b)
Start importing Assets/_Survival Crossing/Animations using Guid(09f5a06b83745ba4b99800cb329386d9) Importer(815301076,1909f56bfc062723c751e8b465ee728b)  -> (artifact id: 'f4361332c42de5e94af7312b090f3c2e') in 0.001102 seconds 
  Import took 0.006673 seconds .

========================================================================
Received Import Request.
  Time since last request: 54.573719 seconds.
  path: Assets/_Survival Crossing/Animations/Characters
  artifactKey: Guid(2904a96136df1b547992b24676e9b546) Importer(815301076,1909f56bfc062723c751e8b465ee728b)
Start importing Assets/_Survival Crossing/Animations/Characters using Guid(2904a96136df1b547992b24676e9b546) Importer(815301076,1909f56bfc062723c751e8b465ee728b)  -> (artifact id: 'c6f26c0fb261486ed5c8de530c1a44b1') in 0.001157 seconds 
  Import took 0.007060 seconds .

========================================================================
Received Import Request.
  Time since last request: 0.665681 seconds.
  path: Assets/_Survival Crossing/Animations/Characters/idle.fbx
  artifactKey: Guid(86a1903d4d55f514eba79f78c733e4d5) Importer(815301076,1909f56bfc062723c751e8b465ee728b)
Start importing Assets/_Survival Crossing/Animations/Characters/idle.fbx using Guid(86a1903d4d55f514eba79f78c733e4d5) Importer(815301076,1909f56bfc062723c751e8b465ee728b)  -> (artifact id: '7c2d9e79f82163f9f3070be47e5e2300') in 0.489514 seconds 
  Import took 0.496106 seconds .

========================================================================
Received Import Request.
  Time since last request: 0.082368 seconds.
  path: Assets/_Survival Crossing/Animations/Characters/Player Animator.controller
  artifactKey: Guid(77616c087bb0ba24fa20d0c13d638c7a) Importer(815301076,1909f56bfc062723c751e8b465ee728b)
Start importing Assets/_Survival Crossing/Animations/Characters/Player Animator.controller using Guid(77616c087bb0ba24fa20d0c13d638c7a) Importer(815301076,1909f56bfc062723c751e8b465ee728b)  -> (artifact id: '358b4be42cc523ffd207a0d21ce1b852') in 0.302763 seconds 
  Import took 0.308995 seconds .

========================================================================
Received Import Request.
  Time since last request: 100.917704 seconds.
  path: Assets/_Survival Crossing/Animations/Characters/jump.fbx
  artifactKey: Guid(9a21dc45af026604a82ac46acd23828d) Importer(815301076,1909f56bfc062723c751e8b465ee728b)
Start importing Assets/_Survival Crossing/Animations/Characters/jump.fbx using Guid(9a21dc45af026604a82ac46acd23828d) Importer(815301076,1909f56bfc062723c751e8b465ee728b)  -> (artifact id: '0f2bff92f3ff36acc046d85fb0d82f50') in 0.013629 seconds 
  Import took 0.019543 seconds .

========================================================================
Received Import Request.
  Time since last request: 2.221252 seconds.
  path: Assets/_Survival Crossing/Animations/Characters/Player Animator.controller
  artifactKey: Guid(77616c087bb0ba24fa20d0c13d638c7a) Importer(815301076,1909f56bfc062723c751e8b465ee728b)
Start importing Assets/_Survival Crossing/Animations/Characters/Player Animator.controller using Guid(77616c087bb0ba24fa20d0c13d638c7a) Importer(815301076,1909f56bfc062723c751e8b465ee728b)  -> (artifact id: 'b1b86b476c7481c05aa0fe7540fe2788') in 0.014460 seconds 
  Import took 0.020597 seconds .

========================================================================
Received Import Request.
  Time since last request: 11.349723 seconds.
  path: Assets/_Survival Crossing/Animations/Characters/run.fbx
  artifactKey: Guid(f06fcb6250ed56643b597d6c6a6cb9e9) Importer(815301076,1909f56bfc062723c751e8b465ee728b)
Start importing Assets/_Survival Crossing/Animations/Characters/run.fbx using Guid(f06fcb6250ed56643b597d6c6a6cb9e9) Importer(815301076,1909f56bfc062723c751e8b465ee728b)  -> (artifact id: 'faad37b08e65eecd67ea641d1840509d') in 0.014490 seconds 
  Import took 0.021054 seconds .

========================================================================
Received Import Request.
  Time since last request: 0.001846 seconds.
  path: Assets/_Survival Crossing/Animations/Characters/run.fbx
  artifactKey: Guid(f06fcb6250ed56643b597d6c6a6cb9e9) Importer(815301076,1909f56bfc062723c751e8b465ee728b)
Start importing Assets/_Survival Crossing/Animations/Characters/run.fbx using Guid(f06fcb6250ed56643b597d6c6a6cb9e9) Importer(815301076,1909f56bfc062723c751e8b465ee728b)  -> (artifact id: 'faad37b08e65eecd67ea641d1840509d') in 0.013295 seconds 
  Import took 0.019352 seconds .

========================================================================
Received Import Request.
  Time since last request: 7.994679 seconds.
  path: Assets/_Survival Crossing/Animations/Characters/Root_Run.anim
  artifactKey: Guid(587292ae1b8a1409b8c6c7a1bbaa93ec) Importer(815301076,1909f56bfc062723c751e8b465ee728b)
Start importing Assets/_Survival Crossing/Animations/Characters/Root_Run.anim using Guid(587292ae1b8a1409b8c6c7a1bbaa93ec) Importer(815301076,1909f56bfc062723c751e8b465ee728b)  -> (artifact id: 'f0114e5febd5ca25fd93a05f2b698739') in 0.200859 seconds 
  Import took 0.207222 seconds .

========================================================================
Received Import Request.
  Time since last request: 3.814554 seconds.
  path: Assets/_Survival Crossing/Animations/Characters/Root_Jump.anim
  artifactKey: Guid(f9f114f3249de45c2ab8504c8bf20f1b) Importer(815301076,1909f56bfc062723c751e8b465ee728b)
Start importing Assets/_Survival Crossing/Animations/Characters/Root_Jump.anim using Guid(f9f114f3249de45c2ab8504c8bf20f1b) Importer(815301076,1909f56bfc062723c751e8b465ee728b)  -> (artifact id: 'c95258e6b95ed8e2c3cdb866aaec85b3') in 0.008575 seconds 
  Import took 0.015329 seconds .

========================================================================
Received Import Request.
  Time since last request: 0.003477 seconds.
  path: Assets/_Survival Crossing/Animations/Characters/Root_Jump.anim
  artifactKey: Guid(f9f114f3249de45c2ab8504c8bf20f1b) Importer(815301076,1909f56bfc062723c751e8b465ee728b)
Start importing Assets/_Survival Crossing/Animations/Characters/Root_Jump.anim using Guid(f9f114f3249de45c2ab8504c8bf20f1b) Importer(815301076,1909f56bfc062723c751e8b465ee728b)  -> (artifact id: 'c95258e6b95ed8e2c3cdb866aaec85b3') in 0.008532 seconds 
  Import took 0.014816 seconds .

========================================================================
Received Import Request.
  Time since last request: 2.495622 seconds.
  path: Assets/_Survival Crossing/Animations/Characters/Root_Idle.anim
  artifactKey: Guid(bc396cbe1e58f47d28b5c0a85b582e81) Importer(815301076,1909f56bfc062723c751e8b465ee728b)
Start importing Assets/_Survival Crossing/Animations/Characters/Root_Idle.anim using Guid(bc396cbe1e58f47d28b5c0a85b582e81) Importer(815301076,1909f56bfc062723c751e8b465ee728b)  -> (artifact id: '154756d2d86c76011a56542da3aa2608') in 0.009897 seconds 
  Import took 0.016186 seconds .

========================================================================
Received Import Request.
  Time since last request: 145.549647 seconds.
  path: Assets/_Survival Crossing/Animations/Characters/Player Animator.controller
  artifactKey: Guid(77616c087bb0ba24fa20d0c13d638c7a) Importer(815301076,1909f56bfc062723c751e8b465ee728b)
Start importing Assets/_Survival Crossing/Animations/Characters/Player Animator.controller using Guid(77616c087bb0ba24fa20d0c13d638c7a) Importer(815301076,1909f56bfc062723c751e8b465ee728b)  -> (artifact id: '2644e0a760502748e9d165082bb7e494') in 0.020344 seconds 
  Import took 0.026405 seconds .

========================================================================
Received Prepare
Registering precompiled user dll's ...
Registered in 0.003461 seconds.
Begin MonoManager ReloadAssembly
Native extension for WindowsStandalone target not found
Native extension for OSXStandalone target not found
Native extension for WebGL target not found
Refreshing native plugins compatible for Editor in 0.70 ms, found 2 plugins.
Preloading 0 native plugins for Editor in 0.00 ms.
Mono: successfully reloaded assembly
- Completed reload, in  2.041 seconds
Domain Reload Profiling:
	ReloadAssembly (2041ms)
		BeginReloadAssembly (191ms)
			ExecutionOrderSort (0ms)
			DisableScriptedObjects (8ms)
			BackupInstance (0ms)
			ReleaseScriptingObjects (0ms)
			CreateAndSetChildDomain (102ms)
		EndReloadAssembly (1750ms)
			LoadAssemblies (114ms)
			RebuildTransferFunctionScriptingTraits (0ms)
			SetupTypeCache (533ms)
			ReleaseScriptCaches (2ms)
			RebuildScriptCaches (99ms)
			SetupLoadedEditorAssemblies (719ms)
				LogAssemblyErrors (0ms)
				InitializePlatformSupportModulesInManaged (10ms)
				SetLoadedEditorAssemblies (1ms)
				RefreshPlugins (1ms)
				BeforeProcessingInitializeOnLoad (199ms)
				ProcessInitializeOnLoadAttributes (501ms)
				ProcessInitializeOnLoadMethodAttributes (6ms)
				AfterProcessingInitializeOnLoad (2ms)
				EditorAssembliesLoaded (0ms)
			ExecutionOrderSort2 (0ms)
			AwakeInstancesAfterBackupRestoration (11ms)
Platform modules already initialized, skipping
Refreshing native plugins compatible for Editor in 0.73 ms, found 2 plugins.
Preloading 0 native plugins for Editor in 0.00 ms.
Unloading 2885 Unused Serialized files (Serialized files now loaded: 0)
System memory in use before: 253.3 MB.
System memory in use after: 253.5 MB.

Unloading 16 unused Assets to reduce memory usage. Loaded Objects now: 3462.
Total: 4.652233 ms (FindLiveObjects: 0.339123 ms CreateObjectMapping: 0.130458 ms MarkObjects: 4.156622 ms  DeleteObjects: 0.024381 ms)

AssetImportParameters requested are different than current active one (requested -> active):
  custom:video-decoder-ogg-theora: a1e56fd34408186e4bbccfd4996cb3dc -> 
  custom:container-muxer-webm: aa71ff27fc2769a1b78a27578f13a17b -> 
  custom:container-demuxer-webm: 4f35f7cbe854078d1ac9338744f61a02 -> 
  custom:container-demuxer-ogg: 62fdf1f143b41e24485cea50d1cbac27 -> 
  custom:video-encoder-webm-vp8: eb34c28f22e8b96e1ab97ce403110664 -> 
  custom:framework-osx-AVFoundation: b23960f63f64bdc6ff669e2cdcee2391 -> 
  custom:video-decoder-webm-vp8: 9c59270c3fd7afecdb556c50c9e8de78 -> 
  custom:audio-decoder-ogg-vorbis: bf7c407c2cedff20999df2af8eb42d56 -> 
  custom:audio-encoder-webm-vorbis: bf7c407c2cedff20999df2af8eb42d56 -> 
========================================================================
Received Import Request.
  Time since last request: 8.308693 seconds.
  path: Assets/_Survival Crossing/Scripts
  artifactKey: Guid(0b4a7233fb891394f94282ff165d8bbe) Importer(815301076,1909f56bfc062723c751e8b465ee728b)
Start importing Assets/_Survival Crossing/Scripts using Guid(0b4a7233fb891394f94282ff165d8bbe) Importer(815301076,1909f56bfc062723c751e8b465ee728b)  -> (artifact id: '707fec6c05cf5f5bde09000cd614b187') in 0.006056 seconds 
  Import took 0.011765 seconds .

========================================================================
Received Import Request.
  Time since last request: 2.477744 seconds.
  path: Assets/_Survival Crossing/Prefabs/Characters
  artifactKey: Guid(f9d013e88d61886458b04730992a08e3) Importer(815301076,1909f56bfc062723c751e8b465ee728b)
Start importing Assets/_Survival Crossing/Prefabs/Characters using Guid(f9d013e88d61886458b04730992a08e3) Importer(815301076,1909f56bfc062723c751e8b465ee728b)  -> (artifact id: 'f6a1c477a184a6aa63945635064c3197') in 0.007205 seconds 
  Import took 0.017427 seconds .

========================================================================
Received Import Request.
  Time since last request: 0.002069 seconds.
  path: Assets/_Survival Crossing/Prefabs/Characters
  artifactKey: Guid(f9d013e88d61886458b04730992a08e3) Importer(815301076,1909f56bfc062723c751e8b465ee728b)
Start importing Assets/_Survival Crossing/Prefabs/Characters using Guid(f9d013e88d61886458b04730992a08e3) Importer(815301076,1909f56bfc062723c751e8b465ee728b)  -> (artifact id: 'f6a1c477a184a6aa63945635064c3197') in 0.001585 seconds 
  Import took 0.008724 seconds .

========================================================================
Received Import Request.
  Time since last request: 2.843250 seconds.
  path: Assets/_Survival Crossing/Models/Characters
  artifactKey: Guid(529c3301fcf4b2b418bbb3547e30c8d6) Importer(815301076,1909f56bfc062723c751e8b465ee728b)
Start importing Assets/_Survival Crossing/Models/Characters using Guid(529c3301fcf4b2b418bbb3547e30c8d6) Importer(815301076,1909f56bfc062723c751e8b465ee728b)  -> (artifact id: 'e232dd60f90824d5f0a5ce6097ecd6bb') in 0.006897 seconds 
  Import took 0.012955 seconds .

========================================================================
Received Import Request.
  Time since last request: 0.901294 seconds.
  path: Assets/_Survival Crossing/Models/Characters/Character White Fat.fbx
  artifactKey: Guid(e4299bf26a09e9049839e1a1b75e562c) Importer(815301076,1909f56bfc062723c751e8b465ee728b)
Start importing Assets/_Survival Crossing/Models/Characters/Character White Fat.fbx using Guid(e4299bf26a09e9049839e1a1b75e562c) Importer(815301076,1909f56bfc062723c751e8b465ee728b)  -> (artifact id: '96bb6619de72968cd0ceb6b0e9704a8e') in 0.485929 seconds 
  Import took 0.491906 seconds .

========================================================================
Received Import Request.
  Time since last request: 0.093554 seconds.
  path: Assets/_Survival Crossing/Models/Characters/Character White Thin.fbx
  artifactKey: Guid(654c47e12c90c624fa8f4215a5f1457a) Importer(815301076,1909f56bfc062723c751e8b465ee728b)
Start importing Assets/_Survival Crossing/Models/Characters/Character White Thin.fbx using Guid(654c47e12c90c624fa8f4215a5f1457a) Importer(815301076,1909f56bfc062723c751e8b465ee728b)  -> (artifact id: '7ee535ff8225756567d39f7b68d84c19') in 0.049824 seconds 
  Import took 0.055765 seconds .

